<?xml version="1.0" encoding="UTF-8"?>
<!-- Generated by org.testng.reporters.JUnitReportReporter -->
<testsuite skipped="0" hostname="ATMECSBLRLT-138" name="testcases.TestScenarios" tests="1" failures="0" timestamp="2023-06-14T18:06:54 IST" time="32.406" errors="0">
  <testcase name="loginTest" time="32.406" classname="testcases.TestScenarios"/>
  <system-out/>
</testsuite> <!-- testcases.TestScenarios -->
